<?xml version="1.0" encoding="UTF-8"?>
<!-- Generated by org.testng.reporters.JUnitReportReporter -->
<testsuite hostname="DESKTOP-7M6L4A9" failures="0" tests="1" name="Test.ZerodhaForgotTest" time="11.615" errors="0" timestamp="2022-10-13T13:49:58 IST" skipped="0">
  <testcase classname="Test.ZerodhaForgotTest" name="validateZerodhaForgot" time="11.615"/>
  <system-out/>
</testsuite> <!-- Test.ZerodhaForgotTest -->
