<?xml version="1.0" encoding="UTF-8"?>
<!-- Generated by org.testng.reporters.JUnitReportReporter -->
<testsuite hostname="DESKTOP-7M6L4A9" failures="0" tests="1" name="Test.ZerodhaLoginTest" time="6.338" errors="0" timestamp="2022-10-08T23:03:10 IST" skipped="0">
  <testcase classname="Test.ZerodhaLoginTest" name="validateZerodhaLogin" time="6.338"/>
  <system-out/>
</testsuite> <!-- Test.ZerodhaLoginTest -->
